Downloading: nvd-clojure/nvd-clojure/maven-metadata.xml from clojars
Downloading: nvd-clojure/nvd-clojure/3.6.0/nvd-clojure-3.6.0.pom from clojars
Downloading: org/owasp/dependency-check-core/8.4.3/dependency-check-core-8.4.3.pom from central
Downloading: org/slf4j/slf4j-simple/2.0.9/slf4j-simple-2.0.9.pom from central
Downloading: org/owasp/dependency-check-parent/8.4.3/dependency-check-parent-8.4.3.pom from central
Downloading: com/fasterxml/jackson/jackson-bom/2.15.3/jackson-bom-2.15.3.pom from central
Downloading: rm-hull/table/0.7.1/table-0.7.1.pom from clojars
Downloading: com/fasterxml/jackson/core/jackson-databind/2.16.0/jackson-databind-2.16.0.pom from central
Downloading: com/fasterxml/jackson/jackson-base/2.16.0/jackson-base-2.16.0.pom from central
Downloading: org/junit/junit-bom/5.9.2/junit-bom-5.9.2.pom from central
Downloading: trptcolin/versioneer/0.2.0/versioneer-0.2.0.pom from clojars
Downloading: com/fasterxml/jackson/core/jackson-annotations/2.16.0/jackson-annotations-2.16.0.pom from central
Downloading: com/fasterxml/jackson/core/jackson-core/2.16.0/jackson-core-2.16.0.pom from central
Downloading: clansi/clansi/1.0.0/clansi-1.0.0.pom from clojars
Downloading: com/fasterxml/jackson/module/jackson-module-afterburner/2.16.0/jackson-module-afterburner-2.16.0.pom from central
Downloading: org/apache/maven/resolver/maven-resolver-transport-http/1.9.16/maven-resolver-transport-http-1.9.16.pom from central
Downloading: com/fasterxml/jackson/module/jackson-modules-base/2.16.0/jackson-modules-base-2.16.0.pom from central
Downloading: org/junit/junit-bom/5.9.3/junit-bom-5.9.3.pom from central
Downloading: org/apache/maven/resolver/maven-resolver/1.9.16/maven-resolver-1.9.16.pom from central
Downloading: org/yaml/snakeyaml/2.2/snakeyaml-2.2.pom from central
Downloading: org/apache/maven/maven-core/3.9.5/maven-core-3.9.5.pom from central
Downloading: org/apache/maven/maven/3.9.5/maven-3.9.5.pom from central
Downloading: org/apache/maven/resolver/maven-resolver-spi/1.9.16/maven-resolver-spi-1.9.16.pom from central
Downloading: org/eclipse/jetty/jetty-client/12.0.3/jetty-client-12.0.3.pom from central
Downloading: org/apache/maven/resolver/maven-resolver-api/1.9.16/maven-resolver-api-1.9.16.pom from central
Downloading: org/eclipse/jetty/jetty-core/12.0.3/jetty-core-12.0.3.pom from central
Downloading: org/apache/maven/resolver/maven-resolver-util/1.9.16/maven-resolver-util-1.9.16.pom from central
Downloading: org/eclipse/jetty/jetty-project/12.0.3/jetty-project-12.0.3.pom from central
Downloading: org/apache/maven/resolver/maven-resolver-impl/1.9.16/maven-resolver-impl-1.9.16.pom from central
Downloading: org/apache/maven/maven-resolver-provider/3.9.5/maven-resolver-provider-3.9.5.pom from central
Downloading: org/codehaus/plexus/plexus-utils/4.0.0/plexus-utils-4.0.0.pom from central
Downloading: org/codehaus/plexus/plexus/13/plexus-13.pom from central
Downloading: org/whitesource/pecoff4j/0.0.2.1/pecoff4j-0.0.2.1.pom from central
Downloading: org/infinispan/infinispan-bom/11.0.18.Final/infinispan-bom-11.0.18.Final.pom from central
Downloading: org/apache/commons/commons-jcs3-core/3.2/commons-jcs3-core-3.2.pom from central
Downloading: org/infinispan/infinispan-build-configuration-parent/11.0.18.Final/infinispan-build-configuration-parent-11.0.18.Final.pom from central
Downloading: org/apache/commons/commons-jcs3/3.2/commons-jcs3-3.2.pom from central
Downloading: io/github/jeremylong/jcs3-slf4j/1.0.1/jcs3-slf4j-1.0.1.pom from central
Downloading: org/anarres/jdiagnostics/jdiagnostics/1.0.7/jdiagnostics-1.0.7.pom from central
Downloading: org/apache/commons/commons-parent/58/commons-parent-58.pom from central
Downloading: org/ow2/asm/asm-bom/9.6/asm-bom-9.6.pom from central
Downloading: com/github/package-url/packageurl-java/1.4.1/packageurl-java-1.4.1.pom from central
Downloading: us/springett/cpe-parser/2.0.3/cpe-parser-2.0.3.pom from central
Downloading: org/semver4j/semver4j/5.2.2/semver4j-5.2.2.pom from central
Downloading: org/testcontainers/testcontainers-bom/1.19.1/testcontainers-bom-1.19.1.pom from central
Downloading: org/apache/apache/29/apache-29.pom from central
Downloading: org/apache/commons/commons-collections4/4.4/commons-collections4-4.4.pom from central
Downloading: org/apache/commons/commons-compress/1.24.0/commons-compress-1.24.0.pom from central
Downloading: org/apache/commons/commons-parent/48/commons-parent-48.pom from central
Downloading: org/owasp/dependency-check-utils/8.4.3/dependency-check-utils-8.4.3.pom from central
Downloading: commons-io/commons-io/2.15.0/commons-io-2.15.0.pom from central
Downloading: org/apache/commons/commons-parent/61/commons-parent-61.pom from central
Downloading: org/apache/commons/commons-parent/64/commons-parent-64.pom from central
Downloading: org/apache/commons/commons-text/1.11.0/commons-text-1.11.0.pom from central
Downloading: org/apache/commons/commons-lang3/3.13.0/commons-lang3-3.13.0.pom from central
Downloading: org/apache/commons/commons-dbcp2/2.11.0/commons-dbcp2-2.11.0.pom from central
Downloading: org/apache/lucene/lucene-analyzers-common/8.11.2/lucene-analyzers-common-8.11.2.pom from central
Downloading: org/apache/lucene/lucene-queryparser/8.11.2/lucene-queryparser-8.11.2.pom from central
Downloading: org/apache/velocity/velocity-engine-core/2.3/velocity-engine-core-2.3.pom from central
Downloading: org/apache/lucene/lucene-parent/8.11.2/lucene-parent-8.11.2.pom from central
Downloading: org/apache/lucene/lucene-core/8.11.2/lucene-core-8.11.2.pom from central
Downloading: org/apache/velocity/velocity-engine-parent/2.3/velocity-engine-parent-2.3.pom from central
Downloading: org/apache/lucene/lucene-solr-grandparent/8.11.2/lucene-solr-grandparent-8.11.2.pom from central
Downloading: org/apache/velocity/velocity-master/4/velocity-master-4.pom from central
Downloading: com/h2database/h2/2.1.214/h2-2.1.214.pom from central
Downloading: org/glassfish/javax.json/1.1.4/javax.json-1.1.4.pom from central
Downloading: org/jsoup/jsoup/1.16.2/jsoup-1.16.2.pom from central
Downloading: org/glassfish/json/1.1.4/json-1.1.4.pom from central
Downloading: com/fasterxml/jackson/module/jackson-module-blackbird/2.15.3/jackson-module-blackbird-2.15.3.pom from central
Downloading: com/fasterxml/jackson/dataformat/jackson-dataformat-yaml/2.15.3/jackson-dataformat-yaml-2.15.3.pom from central
Downloading: com/h3xstream/retirejs/retirejs-core/3.0.4/retirejs-core-3.0.4.pom from central
Downloading: com/fasterxml/jackson/module/jackson-modules-base/2.15.3/jackson-modules-base-2.15.3.pom from central
Downloading: com/fasterxml/jackson/dataformat/jackson-dataformats-text/2.15.3/jackson-dataformats-text-2.15.3.pom from central
Downloading: com/h3xstream/retirejs/retirejs-root-pom/3.0.4/retirejs-root-pom-3.0.4.pom from central
Downloading: org/sonatype/ossindex/ossindex-service-client/1.8.2/ossindex-service-client-1.8.2.pom from central
Downloading: com/fasterxml/jackson/jackson-base/2.15.3/jackson-base-2.15.3.pom from central
Downloading: org/sonatype/ossindex/ossindex-service/1.8.2/ossindex-service-1.8.2.pom from central
Downloading: org/sonatype/buildsupport/public-parent/28/public-parent-28.pom from central
Downloading: com/google/guava/guava/32.1.3-jre/guava-32.1.3-jre.pom from central
Downloading: org/sonatype/buildsupport/buildsupport/28/buildsupport-28.pom from central
Downloading: com/google/guava/guava-parent/32.1.3-jre/guava-parent-32.1.3-jre.pom from central
Downloading: com/moandjiezana/toml/toml4j/0.7.2/toml4j-0.7.2.pom from central
Downloading: com/hankcs/aho-corasick-double-array-trie/1.2.3/aho-corasick-double-array-trie-1.2.3.pom from central
Downloading: org/sonatype/ossindex/ossindex-service-bom/1.8.2/ossindex-service-bom-1.8.2.pom from central
Downloading: org/eclipse/packager/packager-rpm/0.19.0/packager-rpm-0.19.0.pom from central
Downloading: org/eclipse/packager/packager/0.19.0/packager-0.19.0.pom from central
Downloading: commons-codec/commons-codec/1.16.0/commons-codec-1.16.0.pom from central
Downloading: org/apache/maven/maven-model/3.9.5/maven-model-3.9.5.pom from central
Downloading: org/apache/maven/maven-settings/3.9.5/maven-settings-3.9.5.pom from central
Downloading: org/apache/maven/maven-builder-support/3.9.5/maven-builder-support-3.9.5.pom from central
Downloading: org/apache/maven/maven-settings-builder/3.9.5/maven-settings-builder-3.9.5.pom from central
Downloading: org/apache/maven/maven-artifact/3.9.5/maven-artifact-3.9.5.pom from central
Downloading: org/apache/maven/maven-plugin-api/3.9.5/maven-plugin-api-3.9.5.pom from central
Downloading: org/apache/maven/maven-repository-metadata/3.9.5/maven-repository-metadata-3.9.5.pom from central
Downloading: org/apache/maven/maven-model-builder/3.9.5/maven-model-builder-3.9.5.pom from central
Downloading: com/google/inject/guice/5.1.0/guice-5.1.0.pom from central
Downloading: org/codehaus/plexus/plexus-classworlds/2.7.0/plexus-classworlds-2.7.0.pom from central
Downloading: org/eclipse/jetty/jetty-alpn-client/12.0.3/jetty-alpn-client-12.0.3.pom from central
Downloading: com/google/inject/guice-parent/5.1.0/guice-parent-5.1.0.pom from central
Downloading: org/eclipse/jetty/jetty-http/12.0.3/jetty-http-12.0.3.pom from central
Downloading: org/eclipse/jetty/jetty-io/12.0.3/jetty-io-12.0.3.pom from central
Downloading: org/eclipse/jetty/jetty-alpn/12.0.3/jetty-alpn-12.0.3.pom from central
Downloading: org/apache/maven/resolver/maven-resolver-named-locks/1.9.16/maven-resolver-named-locks-1.9.16.pom from central
Downloading: org/apache/commons/commons-pool2/2.12.0/commons-pool2-2.12.0.pom from central
Downloading: org/apache/lucene/lucene-queries/8.11.2/lucene-queries-8.11.2.pom from central
Downloading: jakarta/transaction/jakarta.transaction-api/1.3.3/jakarta.transaction-api-1.3.3.pom from central
Downloading: org/apache/commons/commons-parent/62/commons-parent-62.pom from central
Downloading: org/eclipse/ee4j/project/1.0.5/project-1.0.5.pom from central
Downloading: org/apache/lucene/lucene-sandbox/8.11.2/lucene-sandbox-8.11.2.pom from central
Downloading: com/vaadin/external/google/android-json/0.0.20131108.vaadin1/android-json-0.0.20131108.vaadin1.pom from central
Downloading: com/esotericsoftware/minlog/1.3.1/minlog-1.3.1.pom from central
Downloading: com/github/spullara/mustache/java/compiler/0.9.6/compiler-0.9.6.pom from central
Downloading: com/google/code/gson/gson/2.9.0/gson-2.9.0.pom from central
Downloading: org/sonatype/ossindex/ossindex-service-api/1.8.2/ossindex-service-api-1.8.2.pom from central
Downloading: joda-time/joda-time/2.10.4/joda-time-2.10.4.pom from central
Downloading: com/github/spullara/mustache/java/mustache.java/0.9.6/mustache.java-0.9.6.pom from central
Downloading: com/google/code/gson/gson-parent/2.9.0/gson-parent-2.9.0.pom from central
Downloading: javax/xml/bind/jaxb-api/2.3.1/jaxb-api-2.3.1.pom from central
Downloading: com/google/errorprone/error_prone_annotations/2.21.1/error_prone_annotations-2.21.1.pom from central
Downloading: javax/xml/bind/jaxb-api-parent/2.3.1/jaxb-api-parent-2.3.1.pom from central
Downloading: org/checkerframework/checker-qual/3.37.0/checker-qual-3.37.0.pom from central
Downloading: com/google/j2objc/j2objc-annotations/2.8/j2objc-annotations-2.8.pom from central
Downloading: com/google/errorprone/error_prone_parent/2.21.1/error_prone_parent-2.21.1.pom from central
Downloading: org/eclipse/packager/packager-core/0.19.0/packager-core-0.19.0.pom from central
Downloading: org/tukaani/xz/1.9/xz-1.9.pom from central
Downloading: org/eclipse/jetty/jetty-util/12.0.3/jetty-util-12.0.3.pom from central
Downloading: javax/ws/rs/javax.ws.rs-api/2.0.1/javax.ws.rs-api-2.0.1.pom from central
Downloading: org/sonatype/goodies/package-url-java/1.1.1/package-url-java-1.1.1.pom from central
Downloading: org/bouncycastle/bcprov-jdk18on/1.71/bcprov-jdk18on-1.71.pom from central
Downloading: org/bouncycastle/bcpg-jdk18on/1.71/bcpg-jdk18on-1.71.pom from central
Downloading: org/sonatype/buildsupport/public-parent/13/public-parent-13.pom from central
Downloading: org/sonatype/buildsupport/buildsupport/13/buildsupport-13.pom from central
Downloading: com/fasterxml/jackson/module/jackson-module-blackbird/2.15.3/jackson-module-blackbird-2.15.3.jar from central
Downloading: commons-codec/commons-codec/1.16.0/commons-codec-1.16.0.jar from central
Downloading: joda-time/joda-time/2.10.4/joda-time-2.10.4.jar from central
Downloading: com/google/errorprone/error_prone_annotations/2.21.1/error_prone_annotations-2.21.1.jar from central
Downloading: org/apache/commons/commons-compress/1.24.0/commons-compress-1.24.0.jar from central
Downloading: com/esotericsoftware/minlog/1.3.1/minlog-1.3.1.jar from central
Downloading: org/apache/commons/commons-lang3/3.13.0/commons-lang3-3.13.0.jar from central
Downloading: org/tukaani/xz/1.9/xz-1.9.jar from central
Downloading: org/bouncycastle/bcpg-jdk18on/1.71/bcpg-jdk18on-1.71.jar from central
Downloading: com/fasterxml/jackson/core/jackson-databind/2.16.0/jackson-databind-2.16.0.jar from central
Downloading: com/google/inject/guice/5.1.0/guice-5.1.0.jar from central
Downloading: com/h3xstream/retirejs/retirejs-core/3.0.4/retirejs-core-3.0.4.jar from central
Downloading: org/eclipse/packager/packager-rpm/0.19.0/packager-rpm-0.19.0.jar from central
Downloading: org/eclipse/jetty/jetty-alpn-client/12.0.3/jetty-alpn-client-12.0.3.jar from central
Downloading: org/eclipse/jetty/jetty-http/12.0.3/jetty-http-12.0.3.jar from central
Downloading: org/eclipse/jetty/jetty-util/12.0.3/jetty-util-12.0.3.jar from central
Downloading: jakarta/transaction/jakarta.transaction-api/1.3.3/jakarta.transaction-api-1.3.3.jar from central
Downloading: org/apache/commons/commons-dbcp2/2.11.0/commons-dbcp2-2.11.0.jar from central
Downloading: com/fasterxml/jackson/module/jackson-module-afterburner/2.16.0/jackson-module-afterburner-2.16.0.jar from central
Downloading: com/fasterxml/jackson/dataformat/jackson-dataformat-yaml/2.15.3/jackson-dataformat-yaml-2.15.3.jar from central
Downloading: org/anarres/jdiagnostics/jdiagnostics/1.0.7/jdiagnostics-1.0.7.jar from central
Downloading: org/apache/maven/resolver/maven-resolver-transport-http/1.9.16/maven-resolver-transport-http-1.9.16.jar from central
Downloading: org/apache/commons/commons-pool2/2.12.0/commons-pool2-2.12.0.jar from central
Downloading: com/hankcs/aho-corasick-double-array-trie/1.2.3/aho-corasick-double-array-trie-1.2.3.jar from central
Downloading: org/apache/lucene/lucene-analyzers-common/8.11.2/lucene-analyzers-common-8.11.2.jar from central
Downloading: org/apache/maven/maven-model-builder/3.9.5/maven-model-builder-3.9.5.jar from central
Downloading: com/h2database/h2/2.1.214/h2-2.1.214.jar from central
Downloading: org/codehaus/plexus/plexus-utils/4.0.0/plexus-utils-4.0.0.jar from central
Downloading: rm-hull/table/0.7.1/table-0.7.1.jar from clojars
Downloading: commons-io/commons-io/2.15.0/commons-io-2.15.0.jar from central
Downloading: org/apache/maven/maven-settings-builder/3.9.5/maven-settings-builder-3.9.5.jar from central
Downloading: clansi/clansi/1.0.0/clansi-1.0.0.jar from clojars
Downloading: com/vaadin/external/google/android-json/0.0.20131108.vaadin1/android-json-0.0.20131108.vaadin1.jar from central
Downloading: org/owasp/dependency-check-core/8.4.3/dependency-check-core-8.4.3.jar from central
Downloading: com/github/spullara/mustache/java/compiler/0.9.6/compiler-0.9.6.jar from central
Downloading: org/apache/velocity/velocity-engine-core/2.3/velocity-engine-core-2.3.jar from central
Downloading: com/fasterxml/jackson/core/jackson-core/2.16.0/jackson-core-2.16.0.jar from central
Downloading: org/yaml/snakeyaml/2.2/snakeyaml-2.2.jar from central
Downloading: org/apache/maven/maven-settings/3.9.5/maven-settings-3.9.5.jar from central
Downloading: org/owasp/dependency-check-utils/8.4.3/dependency-check-utils-8.4.3.jar from central
Downloading: org/apache/commons/commons-jcs3-core/3.2/commons-jcs3-core-3.2.jar from central
Downloading: org/semver4j/semver4j/5.2.2/semver4j-5.2.2.jar from central
Downloading: org/slf4j/slf4j-simple/2.0.9/slf4j-simple-2.0.9.jar from central
Downloading: org/apache/maven/maven-core/3.9.5/maven-core-3.9.5.jar from central
Downloading: org/apache/lucene/lucene-core/8.11.2/lucene-core-8.11.2.jar from central
Downloading: org/apache/lucene/lucene-queryparser/8.11.2/lucene-queryparser-8.11.2.jar from central
Downloading: org/eclipse/packager/packager-core/0.19.0/packager-core-0.19.0.jar from central
Downloading: org/bouncycastle/bcprov-jdk18on/1.71/bcprov-jdk18on-1.71.jar from central
Downloading: org/apache/maven/resolver/maven-resolver-api/1.9.16/maven-resolver-api-1.9.16.jar from central
Downloading: com/fasterxml/jackson/core/jackson-annotations/2.16.0/jackson-annotations-2.16.0.jar from central
Downloading: trptcolin/versioneer/0.2.0/versioneer-0.2.0.jar from clojars
Downloading: org/apache/maven/maven-resolver-provider/3.9.5/maven-resolver-provider-3.9.5.jar from central
Downloading: org/apache/commons/commons-text/1.11.0/commons-text-1.11.0.jar from central
Downloading: us/springett/cpe-parser/2.0.3/cpe-parser-2.0.3.jar from central
Downloading: org/apache/lucene/lucene-queries/8.11.2/lucene-queries-8.11.2.jar from central
Downloading: org/apache/maven/resolver/maven-resolver-spi/1.9.16/maven-resolver-spi-1.9.16.jar from central
Downloading: com/google/guava/guava/32.1.3-jre/guava-32.1.3-jre.jar from central
Downloading: org/sonatype/ossindex/ossindex-service-api/1.8.2/ossindex-service-api-1.8.2.jar from central
Downloading: com/google/j2objc/j2objc-annotations/2.8/j2objc-annotations-2.8.jar from central
Downloading: org/codehaus/plexus/plexus-classworlds/2.7.0/plexus-classworlds-2.7.0.jar from central
Downloading: org/apache/lucene/lucene-sandbox/8.11.2/lucene-sandbox-8.11.2.jar from central
Downloading: org/checkerframework/checker-qual/3.37.0/checker-qual-3.37.0.jar from central
Downloading: org/eclipse/jetty/jetty-io/12.0.3/jetty-io-12.0.3.jar from central
Downloading: org/eclipse/jetty/jetty-client/12.0.3/jetty-client-12.0.3.jar from central
Downloading: org/sonatype/ossindex/ossindex-service-client/1.8.2/ossindex-service-client-1.8.2.jar from central
Downloading: io/github/jeremylong/jcs3-slf4j/1.0.1/jcs3-slf4j-1.0.1.jar from central
Downloading: nvd-clojure/nvd-clojure/3.6.0/nvd-clojure-3.6.0.jar from clojars
Downloading: org/apache/commons/commons-collections4/4.4/commons-collections4-4.4.jar from central
Downloading: org/jsoup/jsoup/1.16.2/jsoup-1.16.2.jar from central
Downloading: org/apache/maven/resolver/maven-resolver-impl/1.9.16/maven-resolver-impl-1.9.16.jar from central
Downloading: org/apache/maven/maven-model/3.9.5/maven-model-3.9.5.jar from central
Downloading: org/apache/maven/resolver/maven-resolver-named-locks/1.9.16/maven-resolver-named-locks-1.9.16.jar from central
Downloading: com/moandjiezana/toml/toml4j/0.7.2/toml4j-0.7.2.jar from central
Downloading: org/apache/maven/resolver/maven-resolver-util/1.9.16/maven-resolver-util-1.9.16.jar from central
Downloading: com/github/package-url/packageurl-java/1.4.1/packageurl-java-1.4.1.jar from central
Downloading: org/apache/maven/maven-repository-metadata/3.9.5/maven-repository-metadata-3.9.5.jar from central
Downloading: org/apache/maven/maven-builder-support/3.9.5/maven-builder-support-3.9.5.jar from central
Downloading: javax/ws/rs/javax.ws.rs-api/2.0.1/javax.ws.rs-api-2.0.1.jar from central
Downloading: org/sonatype/goodies/package-url-java/1.1.1/package-url-java-1.1.1.jar from central
Downloading: org/apache/maven/maven-plugin-api/3.9.5/maven-plugin-api-3.9.5.jar from central
Downloading: org/whitesource/pecoff4j/0.0.2.1/pecoff4j-0.0.2.1.jar from central
Downloading: org/apache/maven/maven-artifact/3.9.5/maven-artifact-3.9.5.jar from central
Downloading: org/glassfish/javax.json/1.1.4/javax.json-1.1.4.jar from central
Downloading: javax/xml/bind/jaxb-api/2.3.1/jaxb-api-2.3.1.jar from central
Downloading: com/google/code/gson/gson/2.9.0/gson-2.9.0.jar from central
[2023-12-12 02:29:33.112] INFO nvd-clojure - User-provided config: {:delete-config? false, :group "com.github.pmonks", :name "asf-cat", :version "2.0.108", :nvd {:output-dir "../target/nvd"}}
Dec 12, 2023 2:29:33 AM org.apache.commons.jcs3.engine.control.CompositeCacheManager 
INFO: Instance is null, returning unconfigured instance
Dec 12, 2023 2:29:33 AM org.apache.commons.jcs3.engine.control.CompositeCacheManager 
INFO: Setting default auxiliaries to "ODC"
Dec 12, 2023 2:29:33 AM org.apache.commons.jcs3.engine.control.CompositeCacheManager 
INFO: setting defaultCompositeCacheAttributes to [ useLateral = true, useRemote = true, useDisk = true, maxObjs = 0, maxSpoolPerRun = -1, diskUsagePattern = UPDATE, spoolChunkSize = 2 ]
Dec 12, 2023 2:29:33 AM org.apache.commons.jcs3.engine.control.CompositeCacheManager 
INFO: setting defaultElementAttributes to [ IS_LATERAL = false, IS_SPOOL = true, IS_REMOTE = false, IS_ETERNAL = false, MaxLifeSeconds = 86400, IdleTime = 1800, CreateTime = 1702348173689, LastAccessTime = 1702348173689, getTimeToLiveSeconds() = 86399, createTime = 1702348173689 ]
Dec 12, 2023 2:29:33 AM org.apache.commons.jcs3.engine.memory.AbstractDoubleLinkedListMemoryCache 
INFO: initialized MemoryCache for CENTRAL
Dec 12, 2023 2:29:33 AM org.apache.commons.jcs3.engine.control.CompositeCache 
INFO: Constructed cache with name [CENTRAL] and cache attributes [ useLateral = true, useRemote = true, useDisk = true, maxObjs = 0, maxSpoolPerRun = -1, diskUsagePattern = UPDATE, spoolChunkSize = 2 ]
Dec 12, 2023 2:29:33 AM org.apache.commons.jcs3.auxiliary.AuxiliaryCacheConfigurator 
INFO: No cache event logger defined for auxiliary [jcs.auxiliary.ODC]
Dec 12, 2023 2:29:33 AM org.apache.commons.jcs3.auxiliary.AuxiliaryCacheConfigurator 
INFO: Using standard serializer [org.apache.commons.jcs3.utils.serialization.StandardSerializer@2785db06] for auxiliary [jcs.auxiliary.ODC]
Dec 12, 2023 2:29:33 AM org.apache.commons.jcs3.auxiliary.disk.indexed.IndexedDiskCache 
INFO: Region [CENTRAL] : Set maxKeySize to: "1,000,000"
Dec 12, 2023 2:29:33 AM org.apache.commons.jcs3.auxiliary.disk.indexed.IndexedDiskCache 
INFO: Region [CENTRAL] : Cache file root directory: /home/runner/.m2/repository/org/owasp/dependency-check-utils/8.4.3/data/7.0/cache
Dec 12, 2023 2:29:33 AM org.apache.commons.jcs3.auxiliary.disk.indexed.IndexedDiskCache 
INFO: Region [CENTRAL] : Indexed Disk Cache is alive.
Dec 12, 2023 2:29:33 AM org.apache.commons.jcs3.engine.memory.AbstractDoubleLinkedListMemoryCache 
INFO: initialized MemoryCache for POM
Dec 12, 2023 2:29:33 AM org.apache.commons.jcs3.engine.control.CompositeCache 
INFO: Constructed cache with name [POM] and cache attributes [ useLateral = true, useRemote = true, useDisk = true, maxObjs = 0, maxSpoolPerRun = -1, diskUsagePattern = UPDATE, spoolChunkSize = 2 ]
Dec 12, 2023 2:29:33 AM org.apache.commons.jcs3.auxiliary.AuxiliaryCacheConfigurator 
INFO: No cache event logger defined for auxiliary [jcs.auxiliary.ODC]
Dec 12, 2023 2:29:33 AM org.apache.commons.jcs3.auxiliary.AuxiliaryCacheConfigurator 
INFO: Using standard serializer [org.apache.commons.jcs3.utils.serialization.StandardSerializer@74b86971] for auxiliary [jcs.auxiliary.ODC]
Dec 12, 2023 2:29:33 AM org.apache.commons.jcs3.auxiliary.disk.indexed.IndexedDiskCache 
INFO: Region [POM] : Set maxKeySize to: "1,000,000"
Dec 12, 2023 2:29:33 AM org.apache.commons.jcs3.auxiliary.disk.indexed.IndexedDiskCache 
INFO: Region [POM] : Cache file root directory: /home/runner/.m2/repository/org/owasp/dependency-check-utils/8.4.3/data/7.0/cache
Dec 12, 2023 2:29:33 AM org.apache.commons.jcs3.auxiliary.disk.indexed.IndexedDiskCache 
INFO: Region [POM] : Indexed Disk Cache is alive.
Dec 12, 2023 2:29:33 AM org.apache.commons.jcs3.engine.memory.AbstractDoubleLinkedListMemoryCache 
INFO: initialized MemoryCache for NODEAUDIT
Dec 12, 2023 2:29:33 AM org.apache.commons.jcs3.engine.control.CompositeCache 
INFO: Constructed cache with name [NODEAUDIT] and cache attributes [ useLateral = true, useRemote = true, useDisk = true, maxObjs = 0, maxSpoolPerRun = -1, diskUsagePattern = UPDATE, spoolChunkSize = 2 ]
Dec 12, 2023 2:29:33 AM org.apache.commons.jcs3.auxiliary.AuxiliaryCacheConfigurator 
INFO: No cache event logger defined for auxiliary [jcs.auxiliary.ODC]
Dec 12, 2023 2:29:33 AM org.apache.commons.jcs3.auxiliary.AuxiliaryCacheConfigurator 
INFO: Using standard serializer [org.apache.commons.jcs3.utils.serialization.StandardSerializer@1f9d4b0e] for auxiliary [jcs.auxiliary.ODC]
Dec 12, 2023 2:29:33 AM org.apache.commons.jcs3.auxiliary.disk.indexed.IndexedDiskCache 
INFO: Region [NODEAUDIT] : Set maxKeySize to: "1,000,000"
Dec 12, 2023 2:29:33 AM org.apache.commons.jcs3.auxiliary.disk.indexed.IndexedDiskCache 
INFO: Region [NODEAUDIT] : Cache file root directory: /home/runner/.m2/repository/org/owasp/dependency-check-utils/8.4.3/data/7.0/cache
Dec 12, 2023 2:29:33 AM org.apache.commons.jcs3.auxiliary.disk.indexed.IndexedDiskCache 
INFO: Region [NODEAUDIT] : Indexed Disk Cache is alive.
Dec 12, 2023 2:29:33 AM org.apache.commons.jcs3.engine.control.CompositeCacheConfigurator 
INFO: Parsed regions [CENTRAL, POM, NODEAUDIT]
Dec 12, 2023 2:29:33 AM org.apache.commons.jcs3.engine.control.CompositeCacheManager 
INFO: Finished configuration in 91 ms.
[2023-12-12 02:29:33.728] WARN NexusAnalyzer - Disabling Nexus analyzer - please specify the URL to a Nexus Server
[2023-12-12 02:29:34.317] INFO Engine - Checking for updates
[2023-12-12 02:29:34.765] INFO NvdCveUpdater - NVD CVE requires several updates; this could take a couple of minutes.
[2023-12-12 02:29:38.766] INFO DownloadTask - Download Started for NVD CVE - 2002
[2023-12-12 02:29:38.981] INFO DownloadTask - Download Complete for NVD CVE - 2002  (215 ms)
[2023-12-12 02:29:38.984] INFO ProcessTask - Processing Started for NVD CVE - 2002
[2023-12-12 02:29:42.984] INFO DownloadTask - Download Started for NVD CVE - 2003
[2023-12-12 02:29:43.185] INFO DownloadTask - Download Complete for NVD CVE - 2003  (201 ms)
[2023-12-12 02:29:43.186] INFO ProcessTask - Processing Started for NVD CVE - 2003
[2023-12-12 02:29:43.507] INFO ProcessTask - Processing Complete for NVD CVE - 2002  (4522 ms)
[2023-12-12 02:29:44.369] INFO ProcessTask - Processing Complete for NVD CVE - 2003  (1182 ms)
[2023-12-12 02:29:47.187] INFO DownloadTask - Download Started for NVD CVE - 2004
[2023-12-12 02:29:47.383] INFO DownloadTask - Download Complete for NVD CVE - 2004  (196 ms)
[2023-12-12 02:29:47.385] INFO ProcessTask - Processing Started for NVD CVE - 2004
[2023-12-12 02:29:49.151] INFO ProcessTask - Processing Complete for NVD CVE - 2004  (1766 ms)
[2023-12-12 02:29:51.385] INFO DownloadTask - Download Started for NVD CVE - 2005
[2023-12-12 02:29:51.622] INFO DownloadTask - Download Complete for NVD CVE - 2005  (237 ms)
[2023-12-12 02:29:51.624] INFO ProcessTask - Processing Started for NVD CVE - 2005
[2023-12-12 02:29:53.650] INFO ProcessTask - Processing Complete for NVD CVE - 2005  (2026 ms)
[2023-12-12 02:29:55.624] INFO DownloadTask - Download Started for NVD CVE - 2006
[2023-12-12 02:29:55.840] INFO DownloadTask - Download Complete for NVD CVE - 2006  (216 ms)
[2023-12-12 02:29:55.843] INFO ProcessTask - Processing Started for NVD CVE - 2006
[2023-12-12 02:29:57.917] INFO ProcessTask - Processing Complete for NVD CVE - 2006  (2074 ms)
[2023-12-12 02:29:59.843] INFO DownloadTask - Download Started for NVD CVE - 2007
[2023-12-12 02:30:00.102] INFO DownloadTask - Download Complete for NVD CVE - 2007  (259 ms)
[2023-12-12 02:30:00.105] INFO ProcessTask - Processing Started for NVD CVE - 2007
[2023-12-12 02:30:01.983] INFO ProcessTask - Processing Complete for NVD CVE - 2007  (1878 ms)
[2023-12-12 02:30:04.105] INFO DownloadTask - Download Started for NVD CVE - 2008
[2023-12-12 02:30:04.324] INFO DownloadTask - Download Complete for NVD CVE - 2008  (219 ms)
[2023-12-12 02:30:04.327] INFO ProcessTask - Processing Started for NVD CVE - 2008
[2023-12-12 02:30:06.758] INFO ProcessTask - Processing Complete for NVD CVE - 2008  (2431 ms)
[2023-12-12 02:30:08.327] INFO DownloadTask - Download Started for NVD CVE - 2009
[2023-12-12 02:30:08.601] INFO DownloadTask - Download Complete for NVD CVE - 2009  (273 ms)
[2023-12-12 02:30:08.603] INFO ProcessTask - Processing Started for NVD CVE - 2009
[2023-12-12 02:30:10.929] INFO ProcessTask - Processing Complete for NVD CVE - 2009  (2325 ms)
[2023-12-12 02:30:12.604] INFO DownloadTask - Download Started for NVD CVE - 2010
[2023-12-12 02:30:12.818] INFO DownloadTask - Download Complete for NVD CVE - 2010  (214 ms)
[2023-12-12 02:30:12.821] INFO ProcessTask - Processing Started for NVD CVE - 2010
[2023-12-12 02:30:15.532] INFO ProcessTask - Processing Complete for NVD CVE - 2010  (2711 ms)
[2023-12-12 02:30:16.821] INFO DownloadTask - Download Started for NVD CVE - 2011
[2023-12-12 02:30:17.060] INFO DownloadTask - Download Complete for NVD CVE - 2011  (239 ms)
[2023-12-12 02:30:17.062] INFO ProcessTask - Processing Started for NVD CVE - 2011
[2023-12-12 02:30:19.922] INFO ProcessTask - Processing Complete for NVD CVE - 2011  (2860 ms)
[2023-12-12 02:30:21.062] INFO DownloadTask - Download Started for NVD CVE - 2012
[2023-12-12 02:30:21.270] INFO DownloadTask - Download Complete for NVD CVE - 2012  (208 ms)
[2023-12-12 02:30:21.272] INFO ProcessTask - Processing Started for NVD CVE - 2012
[2023-12-12 02:30:24.835] INFO ProcessTask - Processing Complete for NVD CVE - 2012  (3563 ms)
[2023-12-12 02:30:25.273] INFO DownloadTask - Download Started for NVD CVE - 2013
[2023-12-12 02:30:25.518] INFO DownloadTask - Download Complete for NVD CVE - 2013  (245 ms)
[2023-12-12 02:30:25.521] INFO ProcessTask - Processing Started for NVD CVE - 2013
[2023-12-12 02:30:28.754] INFO ProcessTask - Processing Complete for NVD CVE - 2013  (3233 ms)
[2023-12-12 02:30:29.521] INFO DownloadTask - Download Started for NVD CVE - 2014
[2023-12-12 02:30:29.742] INFO DownloadTask - Download Complete for NVD CVE - 2014  (221 ms)
[2023-12-12 02:30:29.745] INFO ProcessTask - Processing Started for NVD CVE - 2014
[2023-12-12 02:30:32.581] INFO ProcessTask - Processing Complete for NVD CVE - 2014  (2836 ms)
[2023-12-12 02:30:33.746] INFO DownloadTask - Download Started for NVD CVE - 2015
[2023-12-12 02:30:33.991] INFO DownloadTask - Download Complete for NVD CVE - 2015  (245 ms)
[2023-12-12 02:30:33.994] INFO ProcessTask - Processing Started for NVD CVE - 2015
[2023-12-12 02:30:36.264] INFO ProcessTask - Processing Complete for NVD CVE - 2015  (2270 ms)
[2023-12-12 02:30:37.994] INFO DownloadTask - Download Started for NVD CVE - 2016
[2023-12-12 02:30:38.208] INFO DownloadTask - Download Complete for NVD CVE - 2016  (214 ms)
[2023-12-12 02:30:38.211] INFO ProcessTask - Processing Started for NVD CVE - 2016
[2023-12-12 02:30:40.718] INFO ProcessTask - Processing Complete for NVD CVE - 2016  (2507 ms)
[2023-12-12 02:30:42.212] INFO DownloadTask - Download Started for NVD CVE - 2017
[2023-12-12 02:30:42.507] INFO DownloadTask - Download Complete for NVD CVE - 2017  (295 ms)
[2023-12-12 02:30:42.511] INFO ProcessTask - Processing Started for NVD CVE - 2017
[2023-12-12 02:30:45.578] INFO ProcessTask - Processing Complete for NVD CVE - 2017  (3067 ms)
[2023-12-12 02:30:46.511] INFO DownloadTask - Download Started for NVD CVE - 2018
[2023-12-12 02:30:46.744] INFO DownloadTask - Download Complete for NVD CVE - 2018  (232 ms)
[2023-12-12 02:30:46.749] INFO ProcessTask - Processing Started for NVD CVE - 2018
[2023-12-12 02:30:49.774] INFO ProcessTask - Processing Complete for NVD CVE - 2018  (3025 ms)
[2023-12-12 02:30:50.749] INFO DownloadTask - Download Started for NVD CVE - 2019
[2023-12-12 02:30:51.015] INFO DownloadTask - Download Complete for NVD CVE - 2019  (266 ms)
[2023-12-12 02:30:51.020] INFO ProcessTask - Processing Started for NVD CVE - 2019
[2023-12-12 02:30:53.867] INFO ProcessTask - Processing Complete for NVD CVE - 2019  (2847 ms)
[2023-12-12 02:30:55.020] INFO DownloadTask - Download Started for NVD CVE - 2020
[2023-12-12 02:30:55.255] INFO DownloadTask - Download Complete for NVD CVE - 2020  (234 ms)
[2023-12-12 02:30:55.261] INFO ProcessTask - Processing Started for NVD CVE - 2020
[2023-12-12 02:30:58.765] INFO ProcessTask - Processing Complete for NVD CVE - 2020  (3504 ms)
[2023-12-12 02:30:59.261] INFO DownloadTask - Download Started for NVD CVE - 2021
[2023-12-12 02:30:59.538] INFO DownloadTask - Download Complete for NVD CVE - 2021  (276 ms)
[2023-12-12 02:30:59.547] INFO ProcessTask - Processing Started for NVD CVE - 2021
[2023-12-12 02:31:03.397] INFO ProcessTask - Processing Complete for NVD CVE - 2021  (3850 ms)
[2023-12-12 02:31:03.547] INFO DownloadTask - Download Started for NVD CVE - 2022
[2023-12-12 02:31:03.785] INFO DownloadTask - Download Complete for NVD CVE - 2022  (238 ms)
[2023-12-12 02:31:03.793] INFO ProcessTask - Processing Started for NVD CVE - 2022
[2023-12-12 02:31:07.793] INFO DownloadTask - Download Started for NVD CVE - 2023
[2023-12-12 02:31:07.944] INFO ProcessTask - Processing Complete for NVD CVE - 2022  (4151 ms)
[2023-12-12 02:31:08.148] INFO DownloadTask - Download Complete for NVD CVE - 2023  (355 ms)
[2023-12-12 02:31:08.155] INFO ProcessTask - Processing Started for NVD CVE - 2023
[2023-12-12 02:31:11.884] INFO ProcessTask - Processing Complete for NVD CVE - 2023  (3729 ms)
[2023-12-12 02:31:15.884] INFO DownloadTask - Download Started for NVD CVE - Modified
[2023-12-12 02:31:16.111] INFO DownloadTask - Download Complete for NVD CVE - Modified  (226 ms)
[2023-12-12 02:31:16.112] INFO ProcessTask - Processing Started for NVD CVE - Modified
[2023-12-12 02:31:16.694] INFO ProcessTask - Processing Complete for NVD CVE - Modified  (582 ms)
[2023-12-12 02:31:16.946] INFO CveDB - Begin database maintenance
[2023-12-12 02:31:24.621] INFO CveDB - Updated the CPE ecosystem on 137882 NVD records
[2023-12-12 02:31:25.236] INFO CveDB - Removed the CPE ecosystem on 3893 NVD records
[2023-12-12 02:31:25.673] INFO CveDB - End database maintenance (8726 ms)
[2023-12-12 02:31:25.728] WARN EngineVersionCheck - A new version of dependency-check is available. Consider updating to version 9.0.4.
[2023-12-12 02:31:25.769] INFO KnownExploitedDataSource - Updating CISA Known Exploited Vulnerability list: https://www.cisa.gov/sites/default/files/feeds/known_exploited_vulnerabilities.json
[2023-12-12 02:31:26.192] INFO CveDB - Begin database defrag
[2023-12-12 02:31:29.266] INFO CveDB - End database defrag (3077 ms)
[2023-12-12 02:31:29.268] INFO Engine - Check for updates complete (114951 ms)
[2023-12-12 02:31:29.447] INFO Engine - 

Dependency-Check is an open source tool performing a best effort analysis of 3rd party dependencies; false positives and false negatives may exist in the analysis performed by the tool. Use of the tool and the reporting provided constitutes acceptance for use in an AS IS condition, and there are NO warranties, implied or otherwise, with regard to the analysis or its use. Any use of the tool and the reporting provided is at the user’s risk. In no event shall the copyright holder or OWASP be held liable for any damages whatsoever arising out of or in connection with the use of this tool, the analysis performed, or the resulting report.


   About ODC: https://jeremylong.github.io/DependencyCheck/general/internals.html
   False Positives: https://jeremylong.github.io/DependencyCheck/general/suppression.html

💖 Sponsor: https://github.com/sponsors/jeremylong


[2023-12-12 02:31:29.449] INFO Engine - Analysis Started
[2023-12-12 02:31:29.659] INFO Engine - Finished Archive Analyzer (0 seconds)
[2023-12-12 02:31:29.664] INFO Engine - Finished File Name Analyzer (0 seconds)
[2023-12-12 02:31:30.068] INFO Engine - Finished Jar Analyzer (0 seconds)
[2023-12-12 02:31:30.082] INFO Engine - Finished Central Analyzer (0 seconds)
[2023-12-12 02:31:30.086] INFO Engine - Finished Dependency Merging Analyzer (0 seconds)
[2023-12-12 02:31:30.401] INFO Engine - Finished Hint Analyzer (0 seconds)
[2023-12-12 02:31:30.403] INFO Engine - Finished Version Filter Analyzer (0 seconds)
[2023-12-12 02:31:32.167] INFO CPEAnalyzer - Created CPE Index (1 seconds)
[2023-12-12 02:31:32.974] INFO Engine - Finished CPE Analyzer (2 seconds)
[2023-12-12 02:31:32.978] INFO Engine - Finished False Positive Analyzer (0 seconds)
[2023-12-12 02:31:32.989] INFO Engine - Finished NVD CVE Analyzer (0 seconds)
[2023-12-12 02:31:33.556] INFO Engine - Finished Sonatype OSS Index Analyzer (0 seconds)
[2023-12-12 02:31:33.557] INFO Engine - Finished Vulnerability Suppression Analyzer (0 seconds)
[2023-12-12 02:31:33.563] INFO Engine - Finished Known Exploited Vulnerability Analyzer (0 seconds)
[2023-12-12 02:31:33.564] INFO Engine - Finished Dependency Bundling Analyzer (0 seconds)
[2023-12-12 02:31:33.565] INFO Engine - Finished Unused Suppression Rule Analyzer (0 seconds)
[2023-12-12 02:31:33.606] INFO Engine - Analysis Complete (4 seconds)
[2023-12-12 02:31:33.641] INFO ReportGenerator - Writing report to: /home/runner/work/asf-cat/asf-cat/.nvd/../target/nvd/dependency-check-report.xml
[2023-12-12 02:31:33.783] INFO ReportGenerator - Writing report to: /home/runner/work/asf-cat/asf-cat/.nvd/../target/nvd/dependency-check-report.html
[2023-12-12 02:31:33.879] INFO ReportGenerator - Writing report to: /home/runner/work/asf-cat/asf-cat/.nvd/../target/nvd/dependency-check-report.json
[2023-12-12 02:31:33.931] INFO ReportGenerator - Writing report to: /home/runner/work/asf-cat/asf-cat/.nvd/../target/nvd/dependency-check-report.csv
[2023-12-12 02:31:33.934] INFO ReportGenerator - Writing report to: /home/runner/work/asf-cat/asf-cat/.nvd/../target/nvd/dependency-check-report.sarif
[2023-12-12 02:31:33.945] INFO ReportGenerator - Writing report to: /home/runner/work/asf-cat/asf-cat/.nvd/../target/nvd/dependency-check-jenkins.html
[2023-12-12 02:31:33.957] INFO ReportGenerator - Writing report to: /home/runner/work/asf-cat/asf-cat/.nvd/../target/nvd/dependency-check-junit.xml
